No file found for "Api/Stubs/StubApiRequestHandler.php".
No file found for "Context/Stubs/FromInputCopyingTestContextPartBuilder.php".
No file found for "Context/Stubs/StubContextSource.php".
No file found for "DataPool/AbstractDataPoolTest.php".
No file found for "DataPool/SearchEngine/AbstractSearchEngineTest.php".
No file found for "DataPool/SearchEngine/SearchCriteria/AbstractSearchCriterionTest.php".
No file found for "DataPool/Stub/ClearableStubKeyValueStore.php".
No file found for "DataPool/Stub/ClearableStubSearchEngine.php".
No file found for "DataPool/Stub/ClearableStubUrlKeyStore.php".
No file found for "DataPool/UrlKeyStore/AbstractIntegrationTestUrlKeyStoreTest.php".
No file found for "Http/AbstractHttpRequestTest.php".
No file found for "Image/AbstractResizeStrategyTest.php".
No file found for "Product/CatalogImportFileNotReadableException.php".
No file found for "Projection/Catalog/StubConfigurableProductView.php".
No file found for "Projection/Catalog/StubProductView.php".
No file found for "Queue/Stub/ClearableStubQueue.php".
No file found for "Renderer/AbstractBlockRendererTest.php".
No file found for "Renderer/Stubs/StubBlock.php".
No file found for "Renderer/Stubs/StubBlockRenderer.php".
No file found for "StubFactory.php".
No file found for "TestDefaultWebFront.php".
No file found for "TestFileFixtureTrait.php".
No file found for "TestFileFixtureTraitTest.php".
No file found for "Utils/FileStorage/Stub/CastableToStringStub.php".
No file found for "Utils/Stub/StubCliCommand.php".
